[19:47:19] [main/INFO]: Environment: authHost='https://authserver.mojang.com', accountsHost='https://api.mojang.com', sessionHost='https://sessionserver.mojang.com', servicesHost='https://api.minecraftservices.com', name='PROD'
[19:47:22] [main/WARN]: Ambiguity between arguments [teleport, destination] and [teleport, targets] with inputs: [Player, 0123, @e, dd12be42-52a9-4a91-a8a1-11c01849e498]
[19:47:22] [main/WARN]: Ambiguity between arguments [teleport, location] and [teleport, destination] with inputs: [0.1 -0.5 .9, 0 0 0]
[19:47:22] [main/WARN]: Ambiguity between arguments [teleport, location] and [teleport, targets] with inputs: [0.1 -0.5 .9, 0 0 0]
[19:47:22] [main/WARN]: Ambiguity between arguments [teleport, targets] and [teleport, destination] with inputs: [Player, 0123, dd12be42-52a9-4a91-a8a1-11c01849e498]
[19:47:22] [main/WARN]: Ambiguity between arguments [teleport, targets, location] and [teleport, targets, destination] with inputs: [0.1 -0.5 .9, 0 0 0]
[19:47:22] [main/INFO]: Reloading ResourceManager: Default
[19:47:25] [Worker-Main-2/INFO]: Loaded 7 recipes
[19:47:26] [Worker-Main-2/INFO]: Loaded 927 advancements
[19:47:33] [Server thread/INFO]: Starting minecraft server version 1.16.4
[19:47:33] [Server thread/INFO]: Loading properties
[19:47:33] [Server thread/INFO]: Default game type: SURVIVAL
[19:47:33] [Server thread/INFO]: Generating keypair
[19:47:34] [Server thread/INFO]: Starting Minecraft server on *:25565
[19:47:35] [Server thread/INFO]: Using epoll channel type
[19:47:35] [Server thread/INFO]: Preparing level "grnb-minecraft"
[19:47:36] [Server thread/INFO]: Preparing start region for dimension minecraft:overworld
[19:47:43] [Server thread/INFO]: Preparing spawn area: 0%
[19:47:43] [Server thread/INFO]: Preparing spawn area: 0%
[19:47:43] [Server thread/INFO]: Preparing spawn area: 0%
[19:47:43] [Server thread/INFO]: Preparing spawn area: 0%
[19:47:43] [Server thread/INFO]: Preparing spawn area: 0%
[19:47:43] [Server thread/INFO]: Preparing spawn area: 0%
[19:47:43] [Server thread/INFO]: Preparing spawn area: 0%
[19:47:43] [Server thread/INFO]: Preparing spawn area: 0%
[19:47:43] [Server thread/INFO]: Preparing spawn area: 0%
[19:47:43] [Server thread/INFO]: Preparing spawn area: 0%
[19:47:43] [Server thread/INFO]: Preparing spawn area: 0%
[19:47:43] [Server thread/INFO]: Preparing spawn area: 0%
[19:47:43] [Server thread/INFO]: Preparing spawn area: 0%
[19:47:43] [Server thread/INFO]: Preparing spawn area: 0%
[19:47:43] [Server thread/INFO]: Preparing spawn area: 0%
[19:47:43] [Server thread/INFO]: Preparing spawn area: 0%
[19:47:54] [Worker-Main-2/INFO]: Preparing spawn area: 3%
[19:47:55] [Server thread/INFO]: Preparing spawn area: 3%
[19:47:55] [Server thread/INFO]: Preparing spawn area: 3%
[19:47:55] [Server thread/INFO]: Preparing spawn area: 3%
[19:47:55] [Server thread/INFO]: Preparing spawn area: 3%
[19:47:55] [Server thread/INFO]: Preparing spawn area: 3%
[19:47:55] [Worker-Main-2/INFO]: Preparing spawn area: 3%
[19:47:55] [Server thread/INFO]: Preparing spawn area: 3%
[19:47:55] [Server thread/INFO]: Preparing spawn area: 3%
[19:47:55] [Server thread/INFO]: Preparing spawn area: 3%
[19:47:55] [Worker-Main-2/INFO]: Preparing spawn area: 3%
[19:47:55] [Worker-Main-2/INFO]: Preparing spawn area: 3%
[19:47:55] [Server thread/INFO]: Preparing spawn area: 3%
[19:47:55] [Worker-Main-2/INFO]: Preparing spawn area: 3%
[19:47:55] [Server thread/INFO]: Preparing spawn area: 3%
[19:47:55] [Server thread/INFO]: Preparing spawn area: 3%
[19:47:55] [Server thread/INFO]: Preparing spawn area: 3%
[19:47:55] [Server thread/INFO]: Preparing spawn area: 3%
[19:47:55] [Worker-Main-2/INFO]: Preparing spawn area: 3%
[19:47:55] [Worker-Main-2/INFO]: Preparing spawn area: 3%
[19:47:55] [Server thread/INFO]: Preparing spawn area: 3%
[19:47:55] [Worker-Main-2/INFO]: Preparing spawn area: 3%
[19:47:55] [Server thread/INFO]: Preparing spawn area: 3%
[19:47:55] [Server thread/INFO]: Preparing spawn area: 6%
[19:47:56] [Worker-Main-2/INFO]: Preparing spawn area: 15%
[19:47:56] [Server thread/INFO]: Preparing spawn area: 31%
[19:47:57] [Worker-Main-2/INFO]: Preparing spawn area: 38%
[19:47:57] [Worker-Main-2/INFO]: Preparing spawn area: 38%
[19:47:58] [Worker-Main-2/INFO]: Preparing spawn area: 40%
[19:47:58] [Worker-Main-2/INFO]: Preparing spawn area: 40%
[19:47:59] [Worker-Main-2/INFO]: Preparing spawn area: 40%
[19:47:59] [Worker-Main-2/INFO]: Preparing spawn area: 41%
[19:48:00] [Worker-Main-2/INFO]: Preparing spawn area: 41%
[19:48:00] [Worker-Main-2/INFO]: Preparing spawn area: 42%
[19:48:01] [Worker-Main-2/INFO]: Preparing spawn area: 43%
[19:48:01] [Worker-Main-2/INFO]: Preparing spawn area: 43%
[19:48:02] [Worker-Main-2/INFO]: Preparing spawn area: 44%
[19:48:02] [Worker-Main-2/INFO]: Preparing spawn area: 44%
[19:48:03] [Worker-Main-2/INFO]: Preparing spawn area: 49%
[19:48:03] [Worker-Main-2/INFO]: Preparing spawn area: 49%
[19:48:04] [Worker-Main-2/INFO]: Preparing spawn area: 49%
[19:48:04] [Worker-Main-2/INFO]: Preparing spawn area: 49%
[19:48:05] [Worker-Main-2/INFO]: Preparing spawn area: 49%
[19:48:05] [Worker-Main-2/INFO]: Preparing spawn area: 49%
[19:48:06] [Worker-Main-2/INFO]: Preparing spawn area: 50%
[19:48:06] [Worker-Main-2/INFO]: Preparing spawn area: 50%
[19:48:07] [Worker-Main-2/INFO]: Preparing spawn area: 50%
[19:48:07] [Worker-Main-2/INFO]: Preparing spawn area: 50%
[19:48:08] [Worker-Main-2/INFO]: Preparing spawn area: 51%
[19:48:08] [Worker-Main-2/INFO]: Preparing spawn area: 52%
[19:48:09] [Worker-Main-2/INFO]: Preparing spawn area: 54%
[19:48:09] [Worker-Main-2/INFO]: Preparing spawn area: 56%
[19:48:10] [Server thread/INFO]: Preparing spawn area: 78%
[19:48:12] [Server thread/INFO]: Preparing spawn area: 80%
[19:48:12] [Server thread/INFO]: Preparing spawn area: 80%
[19:48:12] [Server thread/INFO]: Preparing spawn area: 80%
[19:48:12] [Server thread/INFO]: Preparing spawn area: 80%
[19:48:13] [Server thread/INFO]: Preparing spawn area: 98%
[19:48:13] [Server thread/INFO]: Preparing spawn area: 98%
[19:48:13] [Server thread/INFO]: Time elapsed: 37493 ms
[19:48:13] [Server thread/INFO]: Done (37.825s)! For help, type "help"
[19:48:15] [Server thread/WARN]: Can't keep up! Is the server overloaded? Running 2275ms or 45 ticks behind
[19:48:36] [Server thread/WARN]: Can't keep up! Is the server overloaded? Running 5231ms or 104 ticks behind
[19:49:42] [User Authenticator #1/INFO]: UUID of player OdinRossy is dfe5eb55-3ae1-4f81-bde5-4e5a9d9c3883
[19:49:42] [Server thread/INFO]: OdinRossy[/46.53.251.251:28800] logged in with entity id 286 at (-18.31359498382823, 89.0, -33.414180057215034)
[19:49:42] [Server thread/INFO]: OdinRossy joined the game
[19:49:45] [Server thread/WARN]: Can't keep up! Is the server overloaded? Running 2020ms or 40 ticks behind
[19:50:04] [Server thread/WARN]: Can't keep up! Is the server overloaded? Running 4480ms or 89 ticks behind
[19:50:56] [User Authenticator #2/INFO]: UUID of player Besganabes is aa0d02b4-555b-4eb9-8d20-df45864bbb55
[19:50:56] [Server thread/INFO]: Besganabes[/46.53.243.250:11985] logged in with entity id 379 at (-0.5320112741725449, 62.0, 39.15095928207383)
[19:50:56] [Server thread/INFO]: Besganabes joined the game
[19:50:59] [Server thread/WARN]: Can't keep up! Is the server overloaded? Running 2083ms or 41 ticks behind
[19:51:22] [Server thread/INFO]: <Besganabes> Тормозит чета
[19:51:31] [Server thread/WARN]: Can't keep up! Is the server overloaded? Running 16954ms or 339 ticks behind
[19:52:01] [Server thread/INFO]: <OdinRossy> Интересно, в чем ограничение: железо или интернет
[19:52:04] [Server thread/WARN]: Can't keep up! Is the server overloaded? Running 18263ms or 365 ticks behind
[19:52:10] [Server thread/INFO]: <Besganabes> Ну явно интернет
[19:52:21] [Server thread/INFO]: <Besganabes> Либо сервер не справляется
[19:52:41] [Server thread/INFO]: <OdinRossy> Ща гляну нагрузку
[19:52:41] [Server thread/WARN]: Can't keep up! Is the server overloaded? Running 22233ms or 444 ticks behind
[19:53:03] [Server thread/WARN]: Can't keep up! Is the server overloaded? Running 7211ms or 144 ticks behind
[19:53:24] [Server thread/WARN]: Can't keep up! Is the server overloaded? Running 5670ms or 113 ticks behind
[19:54:49] [Server thread/WARN]: Can't keep up! Is the server overloaded? Running 9307ms or 186 ticks behind
[19:55:56] [Server thread/WARN]: Can't keep up! Is the server overloaded? Running 2013ms or 40 ticks behind
[19:56:13] [Server thread/WARN]: Can't keep up! Is the server overloaded? Running 2587ms or 51 ticks behind
[19:56:31] [Server thread/WARN]: Can't keep up! Is the server overloaded? Running 2761ms or 55 ticks behind
[19:56:49] [Server thread/WARN]: Can't keep up! Is the server overloaded? Running 2838ms or 56 ticks behind
[19:57:11] [Server thread/WARN]: Can't keep up! Is the server overloaded? Running 7725ms or 154 ticks behind
[19:57:34] [Server thread/INFO]: OdinRossy lost connection: Disconnected
[19:57:34] [Server thread/INFO]: OdinRossy left the game
[19:57:45] [Server thread/INFO]: Besganabes has made the advancement [Sweet Dreams]
[19:58:23] [Server thread/INFO]: Besganabes has made the advancement [Monster Hunter]
[20:00:10] [Server thread/WARN]: Can't keep up! Is the server overloaded? Running 3872ms or 77 ticks behind
[20:00:44] [User Authenticator #3/INFO]: UUID of player OdinRossy is dfe5eb55-3ae1-4f81-bde5-4e5a9d9c3883
[20:00:44] [Server thread/INFO]: OdinRossy[/46.53.251.251:29073] logged in with entity id 2388 at (-8.235464812752856, 82.0, -37.30000001192093)
[20:00:44] [Server thread/INFO]: OdinRossy joined the game
[20:00:45] [Server thread/WARN]: Can't keep up! Is the server overloaded? Running 2042ms or 40 ticks behind
[20:01:03] [Server thread/WARN]: Can't keep up! Is the server overloaded? Running 3454ms or 69 ticks behind
[20:01:10] [Server thread/INFO]: <OdinRossy> Тут?
[20:01:12] [Server thread/INFO]: <Besganabes> Да
[20:01:21] [Server thread/WARN]: Can't keep up! Is the server overloaded? Running 2699ms or 53 ticks behind
[20:01:28] [Server thread/INFO]: <OdinRossy> Че делаешь?)
[20:01:47] [Server thread/INFO]: <Besganabes> Я только что добежал до бассейна с лавой, коплю еду
[20:01:58] [Server thread/WARN]: Can't keep up! Is the server overloaded? Running 2032ms or 40 ticks behind
[20:02:17] [Server thread/WARN]: Can't keep up! Is the server overloaded? Running 2024ms or 40 ticks behind
[20:02:25] [Server thread/INFO]: <OdinRossy> Чётко) Нам надо подумать над новыми пользователями, чтобы отбить стоимость в месяц
[20:02:42] [Server thread/WARN]: Can't keep up! Is the server overloaded? Running 2029ms or 40 ticks behind
[20:02:45] [Server thread/INFO]: <OdinRossy> Нужны адекватные люди, наш потолок 10 чел с учетом нас
[20:03:07] [Server thread/INFO]: <Besganabes> Да ладно, мы столько не найдем, мы сами до 15 успеем наиграться наверняка
[20:03:17] [Server thread/WARN]: Can't keep up! Is the server overloaded? Running 2018ms or 40 ticks behind
[20:03:41] [Server thread/WARN]: Can't keep up! Is the server overloaded? Running 2028ms or 40 ticks behind
[20:03:42] [Server thread/INFO]: <OdinRossy> Хз, я бы хотел на долгосрочную перспективу
[20:03:57] [Server thread/INFO]: <OdinRossy> Чтобы заходить почилиить периодически
[20:04:14] [Server thread/INFO]: <Besganabes> Ну по 15 рублей в месяц с двоих еще не так уж и напряжно
[20:05:17] [Server thread/INFO]: <OdinRossy> Всего 20.99, на двоих по 10.45
[20:05:22] [Server thread/INFO]: <Besganabes> Тем более
[20:05:31] [Server thread/WARN]: Can't keep up! Is the server overloaded? Running 2988ms or 59 ticks behind
[20:05:32] [Server thread/INFO]: OdinRossy lost connection: Disconnected
[20:05:32] [Server thread/INFO]: OdinRossy left the game
[20:05:55] [Server thread/WARN]: Can't keep up! Is the server overloaded? Running 2810ms or 56 ticks behind
[20:08:37] [Server thread/WARN]: Can't keep up! Is the server overloaded? Running 2012ms or 40 ticks behind
